  funkcje.cpp
C:\Users\dominik\OneDrive - Zespół Szkół Komunikacji im. Hipolita Cegielskiego w Poznaniu\ZSK\KLASA 3\PRACOWNIA PROGRAMOWANIA\kalkulator\funkcje.cpp(6,20): warning C4018:  "<": niezgodność typu ze znakiem/bez znaku
C:\Users\dominik\OneDrive - Zespół Szkół Komunikacji im. Hipolita Cegielskiego w Poznaniu\ZSK\KLASA 3\PRACOWNIA PROGRAMOWANIA\kalkulator\funkcje.cpp(12,22): warning C4018:  "<": niezgodność typu ze znakiem/bez znaku
C:\Users\dominik\OneDrive - Zespół Szkół Komunikacji im. Hipolita Cegielskiego w Poznaniu\ZSK\KLASA 3\PRACOWNIA PROGRAMOWANIA\kalkulator\funkcje.cpp(84,20): warning C4018:  "<": niezgodność typu ze znakiem/bez znaku
C:\Users\dominik\OneDrive - Zespół Szkół Komunikacji im. Hipolita Cegielskiego w Poznaniu\ZSK\KLASA 3\PRACOWNIA PROGRAMOWANIA\kalkulator\funkcje.cpp(96,20): warning C4018:  "<": niezgodność typu ze znakiem/bez znaku
C:\Users\dominik\OneDrive - Zespół Szkół Komunikacji im. Hipolita Cegielskiego w Poznaniu\ZSK\KLASA 3\PRACOWNIA PROGRAMOWANIA\kalkulator\funkcje.cpp(107,20): warning C4018:  "<": niezgodność typu ze znakiem/bez znaku
C:\Users\dominik\OneDrive - Zespół Szkół Komunikacji im. Hipolita Cegielskiego w Poznaniu\ZSK\KLASA 3\PRACOWNIA PROGRAMOWANIA\kalkulator\funkcje.cpp(125,19): warning C4244:  "inicjowanie": konwersja z "double" do "float", możliwa utrata danych
C:\Users\dominik\OneDrive - Zespół Szkół Komunikacji im. Hipolita Cegielskiego w Poznaniu\ZSK\KLASA 3\PRACOWNIA PROGRAMOWANIA\kalkulator\funkcje.cpp(128,17): warning C4244:  "inicjowanie": konwersja z "double" do "float", możliwa utrata danych
C:\Users\dominik\OneDrive - Zespół Szkół Komunikacji im. Hipolita Cegielskiego w Poznaniu\ZSK\KLASA 3\PRACOWNIA PROGRAMOWANIA\kalkulator\funkcje.cpp(157,22): warning C4018:  "<": niezgodność typu ze znakiem/bez znaku
C:\Users\dominik\OneDrive - Zespół Szkół Komunikacji im. Hipolita Cegielskiego w Poznaniu\ZSK\KLASA 3\PRACOWNIA PROGRAMOWANIA\kalkulator\funkcje.cpp(175,20): warning C4018:  "<": niezgodność typu ze znakiem/bez znaku
C:\Users\dominik\OneDrive - Zespół Szkół Komunikacji im. Hipolita Cegielskiego w Poznaniu\ZSK\KLASA 3\PRACOWNIA PROGRAMOWANIA\kalkulator\funkcje.cpp(182,40): warning C4244:  "=": konwersja z "float" do "int", możliwa utrata danych
C:\Users\dominik\OneDrive - Zespół Szkół Komunikacji im. Hipolita Cegielskiego w Poznaniu\ZSK\KLASA 3\PRACOWNIA PROGRAMOWANIA\kalkulator\funkcje.cpp(192,20): warning C4244:  "inicjowanie": konwersja z "double" do "float", możliwa utrata danych
C:\Users\dominik\OneDrive - Zespół Szkół Komunikacji im. Hipolita Cegielskiego w Poznaniu\ZSK\KLASA 3\PRACOWNIA PROGRAMOWANIA\kalkulator\funkcje.cpp(194,15): warning C4018:  "<=": niezgodność typu ze znakiem/bez znaku
C:\Users\dominik\OneDrive - Zespół Szkół Komunikacji im. Hipolita Cegielskiego w Poznaniu\ZSK\KLASA 3\PRACOWNIA PROGRAMOWANIA\kalkulator\funkcje.cpp(207,19): warning C4244:  "=": konwersja z "double" do "float", możliwa utrata danych
C:\Users\dominik\OneDrive - Zespół Szkół Komunikacji im. Hipolita Cegielskiego w Poznaniu\ZSK\KLASA 3\PRACOWNIA PROGRAMOWANIA\kalkulator\funkcje.cpp(253,21): warning C4244:  "=": konwersja z "double" do "float", możliwa utrata danych
C:\Users\dominik\OneDrive - Zespół Szkół Komunikacji im. Hipolita Cegielskiego w Poznaniu\ZSK\KLASA 3\PRACOWNIA PROGRAMOWANIA\kalkulator\funkcje.cpp(260,44): warning C4244:  "=": konwersja z "float" do "int", możliwa utrata danych
C:\Users\dominik\OneDrive - Zespół Szkół Komunikacji im. Hipolita Cegielskiego w Poznaniu\ZSK\KLASA 3\PRACOWNIA PROGRAMOWANIA\kalkulator\funkcje.cpp(272,44): warning C4244:  "=": konwersja z "float" do "int", możliwa utrata danych
C:\Users\dominik\OneDrive - Zespół Szkół Komunikacji im. Hipolita Cegielskiego w Poznaniu\ZSK\KLASA 3\PRACOWNIA PROGRAMOWANIA\kalkulator\funkcje.cpp(284,44): warning C4244:  "=": konwersja z "float" do "int", możliwa utrata danych
C:\Users\dominik\OneDrive - Zespół Szkół Komunikacji im. Hipolita Cegielskiego w Poznaniu\ZSK\KLASA 3\PRACOWNIA PROGRAMOWANIA\kalkulator\funkcje.cpp(297,44): warning C4244:  "=": konwersja z "float" do "int", możliwa utrata danych
C:\Users\dominik\OneDrive - Zespół Szkół Komunikacji im. Hipolita Cegielskiego w Poznaniu\ZSK\KLASA 3\PRACOWNIA PROGRAMOWANIA\kalkulator\funkcje.cpp(323,33): warning C4244:  "+=": konwersja z "double" do "float", możliwa utrata danych
C:\Users\dominik\OneDrive - Zespół Szkół Komunikacji im. Hipolita Cegielskiego w Poznaniu\ZSK\KLASA 3\PRACOWNIA PROGRAMOWANIA\kalkulator\funkcje.cpp(325,33): warning C4244:  "-=": konwersja z "double" do "float", możliwa utrata danych
C:\Users\dominik\OneDrive - Zespół Szkół Komunikacji im. Hipolita Cegielskiego w Poznaniu\ZSK\KLASA 3\PRACOWNIA PROGRAMOWANIA\kalkulator\funkcje.cpp(330,33): warning C4244:  "*=": konwersja z "double" do "float", możliwa utrata danych
C:\Users\dominik\OneDrive - Zespół Szkół Komunikacji im. Hipolita Cegielskiego w Poznaniu\ZSK\KLASA 3\PRACOWNIA PROGRAMOWANIA\kalkulator\funkcje.cpp(333,15): warning C4244:  "=": konwersja z "double" do "float", możliwa utrata danych
C:\Users\dominik\OneDrive - Zespół Szkół Komunikacji im. Hipolita Cegielskiego w Poznaniu\ZSK\KLASA 3\PRACOWNIA PROGRAMOWANIA\kalkulator\funkcje.cpp(142): warning C4172:  zwracanie adresu lokalnej zmiennej lub tymczasowej: tab
  kalkulator.vcxproj -> C:\Users\dominik\OneDrive - Zespół Szkół Komunikacji im. Hipolita Cegielskiego w Poznaniu\ZSK\KLASA 3\PRACOWNIA PROGRAMOWANIA\kalkulator\Debug\kalkulator.exe
